<?xml version="1.0" encoding="UTF-8"?>
<!-- Generated by org.testng.reporters.JUnitXMLReporter -->
<testsuite ignored="0" hostname="LTIN300153" failures="0" tests="6" name="Test1" time="174.398" errors="0" timestamp="2024-03-18T17:11:09 IST">
  <testcase classname="test_Book.BaseClass" name="VerifyWebsite" time="15.706"/>
  <testcase classname="test_Book.BaseClass" name="displayBookShelves" time="46.977"/>
  <testcase classname="test_Book.BaseClass" name="ByAtHome" time="32.597"/>
  <testcase classname="test_Book.BaseClass" name="giftCard" time="43.095"/>
  <testcase classname="test_Book.BaseClass" name="giftCardformNegative" time="12.435"/>
  <testcase classname="test_Book.BaseClass" name="giftCardformPositive" time="11.005"/>
</testsuite> <!-- Test1 -->
