<?xml version="1.0" encoding="UTF-8"?>
<!-- Generated by org.testng.reporters.JUnitXMLReporter -->
<testsuite ignored="0" hostname="LTIN300153" failures="0" tests="6" name="Test2" time="57.402" errors="0" timestamp="2024-03-06T21:14:18 IST">
  <testcase classname="test_Book.BaseClass" name="VerifyWebsite" time="0.001">
    <skipped/>
  </testcase> <!-- VerifyWebsite -->
  <testcase classname="test_Book.BaseClass" name="displayBookShelves" time="0.001">
    <skipped/>
  </testcase> <!-- displayBookShelves -->
  <testcase classname="test_Book.BaseClass" name="ByAtHome" time="0.0">
    <skipped/>
  </testcase> <!-- ByAtHome -->
  <testcase classname="test_Book.BaseClass" name="giftCard" time="0.0">
    <skipped/>
  </testcase> <!-- giftCard -->
  <testcase classname="test_Book.BaseClass" name="giftCardformNegative" time="0.0">
    <skipped/>
  </testcase> <!-- giftCardformNegative -->
  <testcase classname="test_Book.BaseClass" name="giftCardformPositive" time="0.0">
    <skipped/>
  </testcase> <!-- giftCardformPositive -->
</testsuite> <!-- Test2 -->
