<?xml version="1.0" encoding="UTF-8"?>
<testng-results ignored="0" total="6" passed="6" failed="0" skipped="0">
  <reporter-output>
  </reporter-output>
  <suite started-at="2024-03-20T09:39:34 IST" name="Suite" finished-at="2024-03-20T09:41:56 IST" duration-ms="141791">
    <groups>
      <group name="Sanity">
        <method signature="BaseClass.VerifyWebsite()[pri:1, instance:test_Book.BaseClass@dd05255]" name="VerifyWebsite" class="test_Book.BaseClass"/>
        <method signature="BaseClass.displayBookShelves()[pri:2, instance:test_Book.BaseClass@dd05255]" name="displayBookShelves" class="test_Book.BaseClass"/>
        <method signature="BaseClass.ByAtHome()[pri:3, instance:test_Book.BaseClass@dd05255]" name="ByAtHome" class="test_Book.BaseClass"/>
        <method signature="BaseClass.giftCard()[pri:4, instance:test_Book.BaseClass@dd05255]" name="giftCard" class="test_Book.BaseClass"/>
        <method signature="BaseClass.giftCardformNegative()[pri:5, instance:test_Book.BaseClass@dd05255]" name="giftCardformNegative" class="test_Book.BaseClass"/>
        <method signature="BaseClass.giftCardformPositive()[pri:6, instance:test_Book.BaseClass@dd05255]" name="giftCardformPositive" class="test_Book.BaseClass"/>
      </group> <!-- Sanity -->
      <group name="Regression">
        <method signature="BaseClass.displayBookShelves()[pri:2, instance:test_Book.BaseClass@dd05255]" name="displayBookShelves" class="test_Book.BaseClass"/>
        <method signature="BaseClass.ByAtHome()[pri:3, instance:test_Book.BaseClass@dd05255]" name="ByAtHome" class="test_Book.BaseClass"/>
        <method signature="BaseClass.giftCardformNegative()[pri:5, instance:test_Book.BaseClass@dd05255]" name="giftCardformNegative" class="test_Book.BaseClass"/>
        <method signature="BaseClass.giftCardformPositive()[pri:6, instance:test_Book.BaseClass@dd05255]" name="giftCardformPositive" class="test_Book.BaseClass"/>
      </group> <!-- Regression -->
    </groups>
    <test started-at="2024-03-20T09:39:34 IST" name="Test1" finished-at="2024-03-20T09:41:56 IST" duration-ms="141791">
      <class name="test_Book.BaseClass">
        <test-method is-config="true" signature="setup_Browser(java.lang.String,java.lang.String)[pri:0, instance:test_Book.BaseClass@dd05255]" started-at="2024-03-20T09:39:34 IST" name="setup_Browser" finished-at="2024-03-20T09:39:42 IST" duration-ms="8132" status="PASS">
          <params>
            <param index="0">
              <value>
                <![CDATA[chrome]]>
              </value>
            </param>
            <param index="1">
              <value>
                <![CDATA[https://www.urbanladder.com/]]>
              </value>
            </param>
          </params>
          <reporter-output>
          </reporter-output>
        </test-method> <!-- setup_Browser -->
        <test-method signature="VerifyWebsite()[pri:1, instance:test_Book.BaseClass@dd05255]" started-at="2024-03-20T09:39:42 IST" name="VerifyWebsite" finished-at="2024-03-20T09:39:58 IST" duration-ms="15406" status="PASS">
          <reporter-output>
          </reporter-output>
        </test-method> <!-- VerifyWebsite -->
        <test-method signature="displayBookShelves()[pri:2, instance:test_Book.BaseClass@dd05255]" started-at="2024-03-20T09:39:58 IST" name="displayBookShelves" finished-at="2024-03-20T09:40:45 IST" duration-ms="47236" status="PASS">
          <reporter-output>
          </reporter-output>
        </test-method> <!-- displayBookShelves -->
        <test-method signature="ByAtHome()[pri:3, instance:test_Book.BaseClass@dd05255]" started-at="2024-03-20T09:40:46 IST" name="ByAtHome" finished-at="2024-03-20T09:41:17 IST" duration-ms="31780" status="PASS">
          <reporter-output>
          </reporter-output>
        </test-method> <!-- ByAtHome -->
        <test-method signature="giftCard()[pri:4, instance:test_Book.BaseClass@dd05255]" started-at="2024-03-20T09:41:17 IST" name="giftCard" finished-at="2024-03-20T09:41:31 IST" duration-ms="13763" status="PASS">
          <reporter-output>
          </reporter-output>
        </test-method> <!-- giftCard -->
        <test-method signature="giftCardformNegative()[pri:5, instance:test_Book.BaseClass@dd05255]" started-at="2024-03-20T09:41:31 IST" name="giftCardformNegative" finished-at="2024-03-20T09:41:43 IST" duration-ms="11608" status="PASS">
          <reporter-output>
          </reporter-output>
        </test-method> <!-- giftCardformNegative -->
        <test-method signature="giftCardformPositive()[pri:6, instance:test_Book.BaseClass@dd05255]" started-at="2024-03-20T09:41:43 IST" name="giftCardformPositive" finished-at="2024-03-20T09:41:54 IST" duration-ms="10776" status="PASS">
          <reporter-output>
          </reporter-output>
        </test-method> <!-- giftCardformPositive -->
        <test-method is-config="true" signature="close_Browser()[pri:0, instance:test_Book.BaseClass@dd05255]" started-at="2024-03-20T09:41:54 IST" name="close_Browser" finished-at="2024-03-20T09:41:56 IST" duration-ms="1207" status="PASS">
          <reporter-output>
          </reporter-output>
        </test-method> <!-- close_Browser -->
      </class> <!-- test_Book.BaseClass -->
    </test> <!-- Test1 -->
  </suite> <!-- Suite -->
</testng-results>
